<?xml version="1.0" encoding="UTF-8"?>
<!-- Generated by org.testng.reporters.JUnitReportReporter -->
<testsuite hostname="LTIN588457" failures="0" tests="6" name="HackProTek.HackProTek.UITest" time="0.248" errors="0" timestamp="2025-06-30T09:14:52 IST" skipped="0">
  <testcase classname="HackProTek.HackProTek.UITest" name="isLogoDisplayedTest" time="0.096"/>
  <testcase classname="HackProTek.HackProTek.UITest" name="isLogoDisplayedTest" time="0.032"/>
  <testcase classname="HackProTek.HackProTek.UITest" name="isSliderDisplayedTest" time="0.033"/>
  <testcase classname="HackProTek.HackProTek.UITest" name="isSliderDisplayedTest" time="0.024"/>
  <testcase classname="HackProTek.HackProTek.UITest" name="isHeaderDisplayedTest" time="0.040"/>
  <testcase classname="HackProTek.HackProTek.UITest" name="isHeaderDisplayedTest" time="0.023"/>
</testsuite> <!-- HackProTek.HackProTek.UITest -->
